<?xml version="1.0" encoding="UTF-8"?>
<!-- Generated by org.testng.reporters.JUnitReportReporter -->
<testsuite hostname="N-5CG2145X6N" failures="0" tests="1" name="CucuTrun.TestRunner" time="12.837" errors="0" timestamp="17 Oct 2022 08:35:42 GMT">
  <testcase classname="CucuTrun.TestRunner" name="feature" time="12.837"/>
</testsuite> <!-- CucuTrun.TestRunner -->
