<?xml version="1.0" encoding="UTF-8"?>
<!-- Generated by org.testng.reporters.JUnitReportReporter -->
<testsuite hostname="N-5CG2145X6N" failures="0" tests="1" name="Cucumber.CucumAuto.AppTest" time="0.001" errors="0" timestamp="17 Oct 2022 08:35:42 GMT">
  <testcase classname="Cucumber.CucumAuto.AppTest" name="shouldAnswerWithTrue" time="0.001"/>
</testsuite> <!-- Cucumber.CucumAuto.AppTest -->
